Building DAG of jobs...
Using shell: /usr/bin/bash
Provided cores: 10
Rules claiming more threads will be scaled down.
Job stats:
job                  count    min threads    max threads
-----------------  -------  -------------  -------------
all                      1              1              1
bismark_alignment        2              6              6
bismark_duplicate        2              8              8
bismark_extract          2              8              8
soapnuke                 2              8              8
total                    9              1              8

Select jobs to execute...

[Thu Sep 21 10:37:32 2023]
rule soapnuke:
    output: /home/liuxin/data_pasteur/12_epigenome/WGBS/1.trimmed/sample2, /home/liuxin/data_pasteur/12_epigenome/WGBS/1.trimmed/sample2/sample2_1_trimmed.fq.gz, /home/liuxin/data_pasteur/12_epigenome/WGBS/1.trimmed/sample2/sample2_2_trimmed.fq.gz
    log: logs/1.trimmed/sample2.log
    jobid: 6
    benchmark: benchmarks/1.trimmed/sample2.benchmark.txt
    reason: Missing output files: /home/liuxin/data_pasteur/12_epigenome/WGBS/1.trimmed/sample2/sample2_1_trimmed.fq.gz, /home/liuxin/data_pasteur/12_epigenome/WGBS/1.trimmed/sample2/sample2_2_trimmed.fq.gz
    wildcards: sample=sample2
    threads: 8
    resources: tmpdir=/tmp

[Thu Sep 21 10:37:32 2023]
Error in rule soapnuke:
    jobid: 6
    output: /home/liuxin/data_pasteur/12_epigenome/WGBS/1.trimmed/sample2, /home/liuxin/data_pasteur/12_epigenome/WGBS/1.trimmed/sample2/sample2_1_trimmed.fq.gz, /home/liuxin/data_pasteur/12_epigenome/WGBS/1.trimmed/sample2/sample2_2_trimmed.fq.gz
    log: logs/1.trimmed/sample2.log (check log file(s) for error details)
    shell:
        SOAPnuke filter -l 30 -q 0.5 -1  -2  -C sample2_1_trimmed.fq.gz -D sample2_2_trimmed.fq.gz -o /home/liuxin/data_pasteur/12_epigenome/WGBS/1.trimmed/sample2 -T 8
        (one of the commands exited with non-zero exit code; note that snakemake uses bash strict mode!)

Removing output files of failed job soapnuke since they might be corrupted:
/home/liuxin/data_pasteur/12_epigenome/WGBS/1.trimmed/sample2
Shutting down, this might take some time.
Exiting because a job execution failed. Look above for error message
Complete log: .snakemake/log/2023-09-21T103718.446751.snakemake.log
